<?xml version="1.0" encoding="UTF-8"?>
<!-- Generated by org.testng.reporters.JUnitXMLReporter -->
<testsuite ignored="0" hostname="Air-Nikita" failures="0" tests="81" name="/Users/nikitadyuckov/Documents/GitHub/studentsFTPTests/" time="7.681" errors="0" timestamp="24 июл. 2024 19:16:14 GMT">
  <testcase classname="ConnectionTests" name="testReader" time="0.346"/>
  <testcase classname="ConnectionTests" name="testSetConnection" time="0.128"/>
  <testcase classname="ConnectionTests" name="testWriter" time="0.133"/>
  <testcase classname="TextEditorTests" name="testClean" time="0.0"/>
  <testcase classname="TextEditorTests" name="testClean" time="0.0"/>
  <testcase classname="TextEditorTests" name="testClean" time="0.0"/>
  <testcase classname="TextEditorTests" name="testClean" time="0.0"/>
  <testcase classname="TextEditorTests" name="testClean" time="0.001"/>
  <testcase classname="TextEditorTests" name="testClean" time="0.0"/>
  <testcase classname="TextEditorTests" name="testIsBeginning" time="0.002"/>
  <testcase classname="TextEditorTests" name="testIsBeginning" time="0.0"/>
  <testcase classname="TextEditorTests" name="testIsBeginning" time="0.0"/>
  <testcase classname="TextEditorTests" name="testIsBeginning" time="0.0"/>
  <testcase classname="TextEditorTests" name="testIsEndOfLastEntry" time="0.0"/>
  <testcase classname="TextEditorTests" name="testIsEndOfLastEntry" time="0.0"/>
  <testcase classname="TextEditorTests" name="testIsEndOfLastEntry" time="0.0"/>
  <testcase classname="TextEditorTests" name="testIsEndOfLastEntry" time="0.0"/>
  <testcase classname="TextEditorTests" name="testIsField" time="0.0"/>
  <testcase classname="TextEditorTests" name="testIsField" time="0.0"/>
  <testcase classname="TextEditorTests" name="testIsField" time="0.0"/>
  <testcase classname="TextEditorTests" name="testIsField" time="0.0"/>
  <testcase classname="TextEditorTests" name="testIsField" time="0.0"/>
  <testcase classname="TextEditorTests" name="testIsField" time="0.0"/>
  <testcase classname="TextEditorTests" name="testIsId" time="0.003"/>
  <testcase classname="TextEditorTests" name="testIsId" time="0.0"/>
  <testcase classname="TextEditorTests" name="testIsId" time="0.001"/>
  <testcase classname="TextEditorTests" name="testIsId" time="0.0"/>
  <testcase classname="TextEditorTests" name="testIsValidInput" time="0.0"/>
  <testcase classname="TextEditorTests" name="testIsValidInput" time="0.0"/>
  <testcase classname="TextEditorTests" name="testIsValidInput" time="0.0"/>
  <testcase classname="TextEditorTests" name="testIsValidInput" time="0.001"/>
  <testcase classname="TextEditorTests" name="testIsValidInput" time="0.0"/>
  <testcase classname="TextEditorTests" name="testParseId" time="0.0"/>
  <testcase classname="TextEditorTests" name="testParseId" time="0.0"/>
  <testcase classname="TextEditorTests" name="testParseId" time="0.0"/>
  <testcase classname="TextEditorTests" name="testParseId" time="0.0"/>
  <testcase classname="TextEditorTests" name="testWriteNewField" time="0.002"/>
  <testcase classname="TextEditorTests" name="testWriteNewField" time="0.0"/>
  <testcase classname="TextEditorTests" name="testWriteNewField" time="0.0"/>
  <testcase classname="TextEditorTests" name="testWriteNewField" time="0.0"/>
  <testcase classname="TextEditorTests" name="testWriteNewLine" time="0.0"/>
  <testcase classname="TextEditorTests" name="testWriteNewLine" time="0.0"/>
  <testcase classname="TextEditorTests" name="testWriteNewLine" time="0.0"/>
  <testcase classname="TextEditorTests" name="testWriteNewLine" time="0.0"/>
  <testcase classname="TextEditorTests" name="testWriteNewLine" time="0.0"/>
  <testcase classname="TextEditorTests" name="testWriteNewLine" time="0.0"/>
  <testcase classname="TextEditorTests" name="testWriteNewStudent" time="0.001"/>
  <testcase classname="TextEditorTests" name="testWriteNewStudent" time="0.0"/>
  <testcase classname="TextEditorTests" name="testisEndOfEntry" time="0.001"/>
  <testcase classname="TextEditorTests" name="testisEndOfEntry" time="0.0"/>
  <testcase classname="TextEditorTests" name="testisEndOfEntry" time="0.0"/>
  <testcase classname="TextEditorTests" name="testisEndOfEntry" time="0.0"/>
  <testcase classname="EmptyFileClientTests" name="testGetSortedListOfStudents" time="0.063"/>
  <testcase classname="ClientTests" name="testGetSortedListOfStudents" time="0.09"/>
  <testcase classname="EmptyFileClientTests" name="testGetStudentInfo" time="0.074"/>
  <testcase classname="EmptyFileClientTests" name="testGetStudentInfo" time="0.062"/>
  <testcase classname="EmptyFileClientTests" name="testGetStudentInfo" time="0.061"/>
  <testcase classname="EmptyFileClientTests" name="testGetStudentInfo" time="0.062"/>
  <testcase classname="EmptyFileClientTests" name="testGetStudentInfo" time="0.061"/>
  <testcase classname="EmptyFileClientTests" name="testGetStudentInfo" time="0.063"/>
  <testcase classname="ClientTests" name="testGetStudentInfo" time="0.066"/>
  <testcase classname="ClientTests" name="testGetStudentInfo" time="0.063"/>
  <testcase classname="ClientTests" name="testGetStudentInfo" time="0.065"/>
  <testcase classname="ClientTests" name="testGetStudentInfo" time="0.063"/>
  <testcase classname="ClientTests" name="testGetStudentInfo" time="0.062"/>
  <testcase classname="ClientTests" name="testGetStudentInfo" time="0.063"/>
  <testcase classname="EmptyFileClientTests" name="testAddStudent" time="0.338"/>
  <testcase classname="EmptyFileClientTests" name="testAddStudent" time="0.305"/>
  <testcase classname="EmptyFileClientTests" name="testAddStudent" time="0.32"/>
  <testcase classname="EmptyFileClientTests" name="testAddStudent" time="0.322"/>
  <testcase classname="EmptyFileClientTests" name="testAddStudent" time="0.308"/>
  <testcase classname="ClientTests" name="testAddStudent" time="0.252"/>
  <testcase classname="ClientTests" name="testAddStudent" time="0.247"/>
  <testcase classname="ClientTests" name="testAddStudent" time="0.25"/>
  <testcase classname="ClientTests" name="testAddStudent" time="0.257"/>
  <testcase classname="ClientTests" name="testAddStudent" time="0.248"/>
  <testcase classname="ClientTests" name="testDeleteStudent" time="0.285"/>
  <testcase classname="ClientTests" name="testDeleteStudent" time="0.248"/>
  <testcase classname="ClientTests" name="testDeleteStudent" time="0.258"/>
  <testcase classname="ClientTests" name="testDeleteStudent" time="0.248"/>
  <testcase classname="ClientTests" name="testDeleteStudent" time="0.255"/>
</testsuite> <!-- /Users/nikitadyuckov/Documents/GitHub/studentsFTPTests/ -->
